{"timestamp":"2025-05-29T00:36:50.724859","level":"info","event":"Filling up the DagBag from /home/airflow/.local/lib/python3.12/site-packages/airflow/example_dags/example_inlet_event_extra.py","logger":"airflow.models.dagbag.DagBag"}
{"timestamp":"2025-05-29T00:37:22.996136","level":"info","event":"Filling up the DagBag from /home/airflow/.local/lib/python3.12/site-packages/airflow/example_dags/example_inlet_event_extra.py","logger":"airflow.models.dagbag.DagBag"}
{"timestamp":"2025-05-29T00:37:53.548027","level":"info","event":"Filling up the DagBag from /home/airflow/.local/lib/python3.12/site-packages/airflow/example_dags/example_inlet_event_extra.py","logger":"airflow.models.dagbag.DagBag"}
{"timestamp":"2025-05-29T00:47:59.843107","level":"info","event":"Filling up the DagBag from /home/airflow/.local/lib/python3.12/site-packages/airflow/example_dags/example_inlet_event_extra.py","logger":"airflow.models.dagbag.DagBag"}
{"timestamp":"2025-05-29T00:48:39.415451","level":"error","event":"Process timed out, PID: 88","logger":"airflow.utils.timeout.TimeoutPosix"}
{"timestamp":"2025-05-29T00:48:39.511701Z","level":"error","event":"Exception ignored in: <function _collection_gced at 0x77d3f28704a0>","chan":"stderr","logger":"processor"}
{"timestamp":"2025-05-29T00:48:39.516180Z","level":"error","event":"Traceback (most recent call last):","chan":"stderr","logger":"processor"}
{"timestamp":"2025-05-29T00:48:39.521678Z","level":"error","event":"  File \"/home/airflow/.local/lib/python3.12/site-packages/sqlalchemy/event/registry.py\", line 53, in _collection_gced","chan":"stderr","logger":"processor"}
{"timestamp":"2025-05-29T00:48:39.523890Z","level":"error","event":"    def _collection_gced(ref):","chan":"stderr","logger":"processor"}
{"timestamp":"2025-05-29T00:48:39.526169Z","level":"error","event":"","chan":"stderr","logger":"processor"}
{"timestamp":"2025-05-29T00:48:39.527132Z","level":"error","event":"  File \"/home/airflow/.local/lib/python3.12/site-packages/airflow/utils/timeout.py\", line 69, in handle_timeout","chan":"stderr","logger":"processor"}
{"timestamp":"2025-05-29T00:48:39.528019Z","level":"error","event":"    raise AirflowTaskTimeout(self.error_message)","chan":"stderr","logger":"processor"}
{"timestamp":"2025-05-29T00:48:39.529366Z","level":"error","event":"airflow.exceptions.AirflowTaskTimeout: DagBag import timeout for /home/airflow/.local/lib/python3.12/site-packages/airflow/example_dags/example_inlet_event_extra.py after 30.0s.","chan":"stderr","logger":"processor"}
{"timestamp":"2025-05-29T00:48:39.534551Z","level":"error","event":"Please take a look at these docs to improve your DAG import time:","chan":"stderr","logger":"processor"}
{"timestamp":"2025-05-29T00:48:39.538686Z","level":"error","event":"* https://airflow.apache.org/docs/apache-airflow/3.0.1/best-practices.html#top-level-python-code","chan":"stderr","logger":"processor"}
{"timestamp":"2025-05-29T00:48:39.543804Z","level":"error","event":"* https://airflow.apache.org/docs/apache-airflow/3.0.1/best-practices.html#reducing-dag-complexity, PID: 88","chan":"stderr","logger":"processor"}
{"timestamp":"2025-05-29T00:49:31.758084","level":"info","event":"Filling up the DagBag from /home/airflow/.local/lib/python3.12/site-packages/airflow/example_dags/example_inlet_event_extra.py","logger":"airflow.models.dagbag.DagBag"}
{"timestamp":"2025-05-29T00:55:07.295196","level":"info","event":"Filling up the DagBag from /home/airflow/.local/lib/python3.12/site-packages/airflow/example_dags/example_inlet_event_extra.py","logger":"airflow.models.dagbag.DagBag"}
{"timestamp":"2025-05-29T00:55:18.353241Z","level":"critical","event":"Process terminated by signal. For more information, see https://airflow.apache.org/docs/apache-airflow/stable/troubleshooting.html#TaskRunner-killed","signal":-9,"signal_name":"SIGKILL","logger":"processor"}
{"timestamp":"2025-05-29T01:42:14.911742","level":"info","event":"Filling up the DagBag from /home/airflow/.local/lib/python3.12/site-packages/airflow/example_dags/example_inlet_event_extra.py","logger":"airflow.models.dagbag.DagBag"}
{"timestamp":"2025-05-29T01:42:47.863162","level":"info","event":"Filling up the DagBag from /home/airflow/.local/lib/python3.12/site-packages/airflow/example_dags/example_inlet_event_extra.py","logger":"airflow.models.dagbag.DagBag"}
{"timestamp":"2025-05-29T01:43:20.525487","level":"info","event":"Filling up the DagBag from /home/airflow/.local/lib/python3.12/site-packages/airflow/example_dags/example_inlet_event_extra.py","logger":"airflow.models.dagbag.DagBag"}
